<?xml version="1.0" encoding="UTF-8"?>
<!-- Generated by org.testng.reporters.JUnitReportReporter -->
<testsuite skipped="0" hostname="DESKTOP-AA4AD8I" name="com.project.MavenProject.CheckBox1" tests="2" failures="0" timestamp="01 Jul 2019 03:41:51 GMT" time="32.922" errors="0">
  <testcase name="checkboxTest" time="7.669" classname="com.project.MavenProject.CheckBox1"/>
  <testcase name="checkboxTest" time="25.253" classname="com.project.MavenProject.CheckBox1"/>
</testsuite> <!-- com.project.MavenProject.CheckBox1 -->
