<?xml version="1.0" encoding="UTF-8"?>
<!-- Generated by org.testng.reporters.JUnitReportReporter -->
<testsuite skipped="0" hostname="DESKTOP-AA4AD8I" name="com.project.MavenProject.LinksTesting1" tests="2" failures="0" timestamp="01 Jul 2019 03:41:51 GMT" time="32.097" errors="0">
  <testcase name="linktesting1" time="26.382" classname="com.project.MavenProject.LinksTesting1"/>
  <testcase name="linktesting1" time="5.715" classname="com.project.MavenProject.LinksTesting1"/>
</testsuite> <!-- com.project.MavenProject.LinksTesting1 -->
