<?xml version="1.0" encoding="UTF-8"?>
<!-- Generated by org.testng.reporters.JUnitReportReporter -->
<testsuite skipped="0" hostname="DESKTOP-AA4AD8I" name="com.project.MavenProject.TC_005" tests="2" failures="0" timestamp="01 Jul 2019 03:41:51 GMT" time="44.188" errors="0">
  <testcase name="amazon" time="11.300" classname="com.project.MavenProject.TC_005"/>
  <testcase name="amazon" time="32.888" classname="com.project.MavenProject.TC_005"/>
</testsuite> <!-- com.project.MavenProject.TC_005 -->
