<?xml version="1.0" encoding="UTF-8"?>
<!-- Generated by org.testng.reporters.JUnitReportReporter -->
<testsuite skipped="0" hostname="DESKTOP-AA4AD8I" name="com.project.MavenProject.CheckBox1" tests="1" failures="0" timestamp="03 Jul 2019 03:07:51 GMT" time="7.016" errors="0">
  <testcase name="checkboxTest" time="7.016" classname="com.project.MavenProject.CheckBox1"/>
</testsuite> <!-- com.project.MavenProject.CheckBox1 -->
