<?xml version="1.0" encoding="UTF-8"?>
<!-- Generated by org.testng.reporters.JUnitReportReporter -->
<testsuite skipped="0" hostname="DESKTOP-AA4AD8I" name="com.project.MavenProject.TC_002" tests="1" failures="0" timestamp="27 Jun 2019 03:00:12 GMT" time="0.018" errors="0">
  <testcase name="m1" time="0.018" classname="com.project.MavenProject.TC_002"/>
</testsuite> <!-- com.project.MavenProject.TC_002 -->
