<?xml version="1.0" encoding="UTF-8"?>
<!-- Generated by org.testng.reporters.JUnitReportReporter -->
<testsuite skipped="1" hostname="DESKTOP-AA4AD8I" name="com.project.MavenProject.TC_005" tests="3" failures="0" timestamp="27 Jun 2019 03:26:49 GMT" time="17.997" errors="0">
  <testcase name="zomatoo" time="8.573" classname="com.project.MavenProject.TC_005"/>
  <testcase name="flipkart" time="9.424" classname="com.project.MavenProject.TC_005"/>
  <testcase name="amazon" classname="com.project.MavenProject.TC_005">
    <skipped/>
  </testcase> <!-- amazon -->
</testsuite> <!-- com.project.MavenProject.TC_005 -->
