<?xml version="1.0" encoding="UTF-8"?>
<!-- Generated by org.testng.reporters.JUnitReportReporter -->
<testsuite skipped="0" hostname="DESKTOP-AA4AD8I" name="com.project.MavenProject.LinksTesting1" tests="1" failures="0" timestamp="03 Jul 2019 03:07:51 GMT" time="5.449" errors="0">
  <testcase name="linktesting1" time="5.449" classname="com.project.MavenProject.LinksTesting1"/>
</testsuite> <!-- com.project.MavenProject.LinksTesting1 -->
