<?xml version="1.0" encoding="UTF-8"?>
<!-- Generated by org.testng.reporters.JUnitReportReporter -->
<testsuite skipped="0" hostname="DESKTOP-AA4AD8I" name="com.project.MavenProject.pageobjectModel.TC_007" tests="1" failures="0" timestamp="11 Jul 2019 03:15:09 GMT" time="14.819" errors="0">
  <testcase name="registration" time="14.819" classname="com.project.MavenProject.pageobjectModel.TC_007"/>
</testsuite> <!-- com.project.MavenProject.pageobjectModel.TC_007 -->
