<?xml version="1.0" encoding="UTF-8"?>
<!-- Generated by org.testng.reporters.JUnitReportReporter -->
<testsuite skipped="0" hostname="DESKTOP-AA4AD8I" name="com.project.MavenProject.RadioButton1" tests="2" failures="0" timestamp="01 Jul 2019 03:41:51 GMT" time="42.563" errors="0">
  <testcase name="RadioButtonTest" time="14.009" classname="com.project.MavenProject.RadioButton1"/>
  <testcase name="RadioButtonTest" time="28.554" classname="com.project.MavenProject.RadioButton1"/>
</testsuite> <!-- com.project.MavenProject.RadioButton1 -->
